The system is: Linux - 6.8.0-49-generic - x86_64
Compiling the C compiler identification source file "CMakeCCompilerId.c" succeeded.
Compiler: /home/teddycode/Desktop/tools/emsdk/upstream/emscripten/emcc 
Build flags: 
Id flags:  

The output was:
0


Compilation of the C compiler identification source "CMakeCCompilerId.c" produced "a.out.js"

Compilation of the C compiler identification source "CMakeCCompilerId.c" produced "a.out.wasm"

The C compiler identification is Clang, found in "/home/teddycode/Desktop/Workspace/crypto-suites/bin/webassembly/cmd/wasm/clang/pqmagic/CMakeFiles/3.22.1/CompilerIdC/a.out.wasm"

Detecting C compiler ABI info compiled with the following output:
Change Dir: /home/teddycode/Desktop/Workspace/crypto-suites/bin/webassembly/cmd/wasm/clang/pqmagic/CMakeFiles/CMakeTmp

Run Build Command(s):/usr/bin/gmake -f Makefile cmTC_beabe/fast && /usr/bin/gmake  -f CMakeFiles/cmTC_beabe.dir/build.make CMakeFiles/cmTC_beabe.dir/build
gmake[1]: Entering directory '/home/teddycode/Desktop/Workspace/crypto-suites/bin/webassembly/cmd/wasm/clang/pqmagic/CMakeFiles/CMakeTmp'
Building C object CMakeFiles/cmTC_beabe.dir/CMakeCCompilerABI.c.o
/home/teddycode/Desktop/tools/emsdk/upstream/emscripten/emcc   -v -MD -MT CMakeFiles/cmTC_beabe.dir/CMakeCCompilerABI.c.o -MF CMakeFiles/cmTC_beabe.dir/CMakeCCompilerABI.c.o.d -o CMakeFiles/cmTC_beabe.dir/CMakeCCompilerABI.c.o -c /usr/share/cmake-3.22/Modules/CMakeCCompilerABI.c
 /home/teddycode/Desktop/tools/emsdk/upstream/bin/clang -target wasm32-unknown-emscripten -fignore-exceptions -mno-bulk-memory -mno-nontrapping-fptoint -mllvm -combiner-global-alias-analysis=false -mllvm -enable-emscripten-sjlj -mllvm -disable-lsr --sysroot=/home/teddycode/Desktop/tools/emsdk/upstream/emscripten/cache/sysroot -DEMSCRIPTEN -Werror=implicit-function-declaration -Xclang -iwithsysroot/include/fakesdl -Xclang -iwithsysroot/include/compat -v -MD -MT CMakeFiles/cmTC_beabe.dir/CMakeCCompilerABI.c.o -MF CMakeFiles/cmTC_beabe.dir/CMakeCCompilerABI.c.o.d -c /usr/share/cmake-3.22/Modules/CMakeCCompilerABI.c -o CMakeFiles/cmTC_beabe.dir/CMakeCCompilerABI.c.o
clang version 20.0.0git (https:/github.com/llvm/llvm-project 1d810ece2b2c8fab77720493864257f0ea3336a9)
Target: wasm32-unknown-emscripten
Thread model: posix
InstalledDir: /home/teddycode/Desktop/tools/emsdk/upstream/bin
 (in-process)
 "/home/teddycode/Desktop/tools/emsdk/upstream/bin/clang-20" -cc1 -triple wasm32-unknown-emscripten -emit-obj -disable-free -clear-ast-before-backend -disable-llvm-verifier -discard-value-names -main-file-name CMakeCCompilerABI.c -mrelocation-model static -mframe-pointer=none -ffp-contract=on -fno-rounding-math -mconstructor-aliases -target-cpu generic -target-feature -bulk-memory -target-feature -nontrapping-fptoint -fvisibility=hidden -debugger-tuning=gdb -fdebug-compilation-dir=/home/teddycode/Desktop/Workspace/crypto-suites/bin/webassembly/cmd/wasm/clang/pqmagic/CMakeFiles/CMakeTmp -v -fcoverage-compilation-dir=/home/teddycode/Desktop/Workspace/crypto-suites/bin/webassembly/cmd/wasm/clang/pqmagic/CMakeFiles/CMakeTmp -resource-dir /home/teddycode/Desktop/tools/emsdk/upstream/lib/clang/20 -dependency-file CMakeFiles/cmTC_beabe.dir/CMakeCCompilerABI.c.o.d -MT CMakeFiles/cmTC_beabe.dir/CMakeCCompilerABI.c.o -sys-header-deps -D EMSCRIPTEN -isysroot /home/teddycode/Desktop/tools/emsdk/upstream/emscripten/cache/sysroot -internal-isystem /home/teddycode/Desktop/tools/emsdk/upstream/lib/clang/20/include -internal-isystem /home/teddycode/Desktop/tools/emsdk/upstream/emscripten/cache/sysroot/include/wasm32-emscripten -internal-isystem /home/teddycode/Desktop/tools/emsdk/upstream/emscripten/cache/sysroot/include -Werror=implicit-function-declaration -ferror-limit 19 -fgnuc-version=4.2.1 -fskip-odr-check-in-gmf -fignore-exceptions -iwithsysroot/include/fakesdl -iwithsysroot/include/compat -mllvm -combiner-global-alias-analysis=false -mllvm -enable-emscripten-sjlj -mllvm -disable-lsr -o CMakeFiles/cmTC_beabe.dir/CMakeCCompilerABI.c.o -x c /usr/share/cmake-3.22/Modules/CMakeCCompilerABI.c
clang -cc1 version 20.0.0git based upon LLVM 20.0.0git default target x86_64-unknown-linux-gnu
ignoring nonexistent directory "/home/teddycode/Desktop/tools/emsdk/upstream/emscripten/cache/sysroot/include/wasm32-emscripten"
#include "..." search starts here:
#include <...> search starts here:
 /home/teddycode/Desktop/tools/emsdk/upstream/emscripten/cache/sysroot/include/fakesdl
 /home/teddycode/Desktop/tools/emsdk/upstream/emscripten/cache/sysroot/include/compat
 /home/teddycode/Desktop/tools/emsdk/upstream/lib/clang/20/include
 /home/teddycode/Desktop/tools/emsdk/upstream/emscripten/cache/sysroot/include
End of search list.
Linking C executable cmTC_beabe
/usr/bin/cmake -E cmake_link_script CMakeFiles/cmTC_beabe.dir/link.txt --verbose=1
/home/teddycode/Desktop/tools/emsdk/upstream/emscripten/emcc  -v CMakeFiles/cmTC_beabe.dir/CMakeCCompilerABI.c.o -o cmTC_beabe 
 /home/teddycode/Desktop/tools/emsdk/upstream/bin/clang --version
 /home/teddycode/Desktop/tools/emsdk/upstream/bin/wasm-ld -o cmTC_beabe.wasm -L/home/teddycode/Desktop/tools/emsdk/upstream/emscripten/cache/sysroot/lib/wasm32-emscripten CMakeFiles/cmTC_beabe.dir/CMakeCCompilerABI.c.o -lGL-getprocaddr -lal -lhtml5 -lstubs-debug -lnoexit -lc-debug -ldlmalloc -lcompiler_rt -lc++-noexcept -lc++abi-debug-noexcept -lsockets -mllvm -combiner-global-alias-analysis=false -mllvm -enable-emscripten-sjlj -mllvm -disable-lsr /tmp/tmpr22l4m1xlibemscripten_js_symbols.so --strip-debug --export=emscripten_stack_get_end --export=emscripten_stack_get_free --export=emscripten_stack_get_base --export=emscripten_stack_get_current --export=emscripten_stack_init --export=_emscripten_stack_alloc --export=__get_temp_ret --export=__set_temp_ret --export=__wasm_call_ctors --export=_emscripten_stack_restore --export-if-defined=__start_em_asm --export-if-defined=__stop_em_asm --export-if-defined=__start_em_lib_deps --export-if-defined=__stop_em_lib_deps --export-if-defined=__start_em_js --export-if-defined=__stop_em_js --export-if-defined=main --export-if-defined=__main_argc_argv --export-if-defined=fflush --export-table -z stack-size=65536 --no-growable-memory --initial-heap=16777216 --no-entry --stack-first --table-base=1
 /home/teddycode/Desktop/tools/emsdk/upstream/bin/llvm-objcopy cmTC_beabe.wasm cmTC_beabe.wasm --remove-section=.debug* --remove-section=producers
 /home/teddycode/Desktop/tools/emsdk/upstream/bin/wasm-emscripten-finalize --dyncalls-i64 --pass-arg=legalize-js-interface-exported-helpers cmTC_beabe.wasm -o cmTC_beabe.wasm --detect-features
 /home/teddycode/Desktop/tools/emsdk/upstream/bin/wasm-emscripten-finalize --dyncalls-i64 --pass-arg=legalize-js-interface-exported-helpers cmTC_beabe.wasm -o cmTC_beabe.wasm --detect-features
 /home/teddycode/Desktop/tools/emsdk/node/20.18.0_64bit/bin/node /home/teddycode/Desktop/tools/emsdk/upstream/emscripten/src/compiler.mjs /tmp/tmp7pz8f5d1.json
gmake[1]: Leaving directory '/home/teddycode/Desktop/Workspace/crypto-suites/bin/webassembly/cmd/wasm/clang/pqmagic/CMakeFiles/CMakeTmp'



Parsed C implicit include dir info from above output: rv=done
  found start of include info
  found start of implicit include info
    add: [/home/teddycode/Desktop/tools/emsdk/upstream/emscripten/cache/sysroot/include/fakesdl]
    add: [/home/teddycode/Desktop/tools/emsdk/upstream/emscripten/cache/sysroot/include/compat]
    add: [/home/teddycode/Desktop/tools/emsdk/upstream/lib/clang/20/include]
    add: [/home/teddycode/Desktop/tools/emsdk/upstream/emscripten/cache/sysroot/include]
  end of search list found
  collapse include dir [/home/teddycode/Desktop/tools/emsdk/upstream/emscripten/cache/sysroot/include/fakesdl] ==> [/home/teddycode/Desktop/tools/emsdk/upstream/emscripten/cache/sysroot/include/fakesdl]
  collapse include dir [/home/teddycode/Desktop/tools/emsdk/upstream/emscripten/cache/sysroot/include/compat] ==> [/home/teddycode/Desktop/tools/emsdk/upstream/emscripten/cache/sysroot/include/compat]
  collapse include dir [/home/teddycode/Desktop/tools/emsdk/upstream/lib/clang/20/include] ==> [/home/teddycode/Desktop/tools/emsdk/upstream/lib/clang/20/include]
  collapse include dir [/home/teddycode/Desktop/tools/emsdk/upstream/emscripten/cache/sysroot/include] ==> [/home/teddycode/Desktop/tools/emsdk/upstream/emscripten/cache/sysroot/include]
  implicit include dirs: [/home/teddycode/Desktop/tools/emsdk/upstream/emscripten/cache/sysroot/include/fakesdl;/home/teddycode/Desktop/tools/emsdk/upstream/emscripten/cache/sysroot/include/compat;/home/teddycode/Desktop/tools/emsdk/upstream/lib/clang/20/include;/home/teddycode/Desktop/tools/emsdk/upstream/emscripten/cache/sysroot/include]


Parsed C implicit link information from above output:
  link line regex: [^( *|.*[/\])(ld|CMAKE_LINK_STARTFILE-NOTFOUND|([^/\]+-)?ld|collect2)[^/\]*( |$)]
  ignore line: [Change Dir: /home/teddycode/Desktop/Workspace/crypto-suites/bin/webassembly/cmd/wasm/clang/pqmagic/CMakeFiles/CMakeTmp]
  ignore line: []
  ignore line: [Run Build Command(s):/usr/bin/gmake -f Makefile cmTC_beabe/fast && /usr/bin/gmake  -f CMakeFiles/cmTC_beabe.dir/build.make CMakeFiles/cmTC_beabe.dir/build]
  ignore line: [gmake[1]: Entering directory '/home/teddycode/Desktop/Workspace/crypto-suites/bin/webassembly/cmd/wasm/clang/pqmagic/CMakeFiles/CMakeTmp']
  ignore line: [Building C object CMakeFiles/cmTC_beabe.dir/CMakeCCompilerABI.c.o]
  ignore line: [/home/teddycode/Desktop/tools/emsdk/upstream/emscripten/emcc   -v -MD -MT CMakeFiles/cmTC_beabe.dir/CMakeCCompilerABI.c.o -MF CMakeFiles/cmTC_beabe.dir/CMakeCCompilerABI.c.o.d -o CMakeFiles/cmTC_beabe.dir/CMakeCCompilerABI.c.o -c /usr/share/cmake-3.22/Modules/CMakeCCompilerABI.c]
  ignore line: [ /home/teddycode/Desktop/tools/emsdk/upstream/bin/clang -target wasm32-unknown-emscripten -fignore-exceptions -mno-bulk-memory -mno-nontrapping-fptoint -mllvm -combiner-global-alias-analysis=false -mllvm -enable-emscripten-sjlj -mllvm -disable-lsr --sysroot=/home/teddycode/Desktop/tools/emsdk/upstream/emscripten/cache/sysroot -DEMSCRIPTEN -Werror=implicit-function-declaration -Xclang -iwithsysroot/include/fakesdl -Xclang -iwithsysroot/include/compat -v -MD -MT CMakeFiles/cmTC_beabe.dir/CMakeCCompilerABI.c.o -MF CMakeFiles/cmTC_beabe.dir/CMakeCCompilerABI.c.o.d -c /usr/share/cmake-3.22/Modules/CMakeCCompilerABI.c -o CMakeFiles/cmTC_beabe.dir/CMakeCCompilerABI.c.o]
  ignore line: [clang version 20.0.0git (https:/github.com/llvm/llvm-project 1d810ece2b2c8fab77720493864257f0ea3336a9)]
  ignore line: [Target: wasm32-unknown-emscripten]
  ignore line: [Thread model: posix]
  ignore line: [InstalledDir: /home/teddycode/Desktop/tools/emsdk/upstream/bin]
  ignore line: [ (in-process)]
  ignore line: [ "/home/teddycode/Desktop/tools/emsdk/upstream/bin/clang-20" -cc1 -triple wasm32-unknown-emscripten -emit-obj -disable-free -clear-ast-before-backend -disable-llvm-verifier -discard-value-names -main-file-name CMakeCCompilerABI.c -mrelocation-model static -mframe-pointer=none -ffp-contract=on -fno-rounding-math -mconstructor-aliases -target-cpu generic -target-feature -bulk-memory -target-feature -nontrapping-fptoint -fvisibility=hidden -debugger-tuning=gdb -fdebug-compilation-dir=/home/teddycode/Desktop/Workspace/crypto-suites/bin/webassembly/cmd/wasm/clang/pqmagic/CMakeFiles/CMakeTmp -v -fcoverage-compilation-dir=/home/teddycode/Desktop/Workspace/crypto-suites/bin/webassembly/cmd/wasm/clang/pqmagic/CMakeFiles/CMakeTmp -resource-dir /home/teddycode/Desktop/tools/emsdk/upstream/lib/clang/20 -dependency-file CMakeFiles/cmTC_beabe.dir/CMakeCCompilerABI.c.o.d -MT CMakeFiles/cmTC_beabe.dir/CMakeCCompilerABI.c.o -sys-header-deps -D EMSCRIPTEN -isysroot /home/teddycode/Desktop/tools/emsdk/upstream/emscripten/cache/sysroot -internal-isystem /home/teddycode/Desktop/tools/emsdk/upstream/lib/clang/20/include -internal-isystem /home/teddycode/Desktop/tools/emsdk/upstream/emscripten/cache/sysroot/include/wasm32-emscripten -internal-isystem /home/teddycode/Desktop/tools/emsdk/upstream/emscripten/cache/sysroot/include -Werror=implicit-function-declaration -ferror-limit 19 -fgnuc-version=4.2.1 -fskip-odr-check-in-gmf -fignore-exceptions -iwithsysroot/include/fakesdl -iwithsysroot/include/compat -mllvm -combiner-global-alias-analysis=false -mllvm -enable-emscripten-sjlj -mllvm -disable-lsr -o CMakeFiles/cmTC_beabe.dir/CMakeCCompilerABI.c.o -x c /usr/share/cmake-3.22/Modules/CMakeCCompilerABI.c]
  ignore line: [clang -cc1 version 20.0.0git based upon LLVM 20.0.0git default target x86_64-unknown-linux-gnu]
  ignore line: [ignoring nonexistent directory "/home/teddycode/Desktop/tools/emsdk/upstream/emscripten/cache/sysroot/include/wasm32-emscripten"]
  ignore line: [#include "..." search starts here:]
  ignore line: [#include <...> search starts here:]
  ignore line: [ /home/teddycode/Desktop/tools/emsdk/upstream/emscripten/cache/sysroot/include/fakesdl]
  ignore line: [ /home/teddycode/Desktop/tools/emsdk/upstream/emscripten/cache/sysroot/include/compat]
  ignore line: [ /home/teddycode/Desktop/tools/emsdk/upstream/lib/clang/20/include]
  ignore line: [ /home/teddycode/Desktop/tools/emsdk/upstream/emscripten/cache/sysroot/include]
  ignore line: [End of search list.]
  ignore line: [Linking C executable cmTC_beabe]
  ignore line: [/usr/bin/cmake -E cmake_link_script CMakeFiles/cmTC_beabe.dir/link.txt --verbose=1]
  ignore line: [/home/teddycode/Desktop/tools/emsdk/upstream/emscripten/emcc  -v CMakeFiles/cmTC_beabe.dir/CMakeCCompilerABI.c.o -o cmTC_beabe ]
  ignore line: [ /home/teddycode/Desktop/tools/emsdk/upstream/bin/clang --version]
  link line: [ /home/teddycode/Desktop/tools/emsdk/upstream/bin/wasm-ld -o cmTC_beabe.wasm -L/home/teddycode/Desktop/tools/emsdk/upstream/emscripten/cache/sysroot/lib/wasm32-emscripten CMakeFiles/cmTC_beabe.dir/CMakeCCompilerABI.c.o -lGL-getprocaddr -lal -lhtml5 -lstubs-debug -lnoexit -lc-debug -ldlmalloc -lcompiler_rt -lc++-noexcept -lc++abi-debug-noexcept -lsockets -mllvm -combiner-global-alias-analysis=false -mllvm -enable-emscripten-sjlj -mllvm -disable-lsr /tmp/tmpr22l4m1xlibemscripten_js_symbols.so --strip-debug --export=emscripten_stack_get_end --export=emscripten_stack_get_free --export=emscripten_stack_get_base --export=emscripten_stack_get_current --export=emscripten_stack_init --export=_emscripten_stack_alloc --export=__get_temp_ret --export=__set_temp_ret --export=__wasm_call_ctors --export=_emscripten_stack_restore --export-if-defined=__start_em_asm --export-if-defined=__stop_em_asm --export-if-defined=__start_em_lib_deps --export-if-defined=__stop_em_lib_deps --export-if-defined=__start_em_js --export-if-defined=__stop_em_js --export-if-defined=main --export-if-defined=__main_argc_argv --export-if-defined=fflush --export-table -z stack-size=65536 --no-growable-memory --initial-heap=16777216 --no-entry --stack-first --table-base=1]
    arg [/home/teddycode/Desktop/tools/emsdk/upstream/bin/wasm-ld] ==> ignore
    arg [-o] ==> ignore
    arg [cmTC_beabe.wasm] ==> ignore
    arg [-L/home/teddycode/Desktop/tools/emsdk/upstream/emscripten/cache/sysroot/lib/wasm32-emscripten] ==> dir [/home/teddycode/Desktop/tools/emsdk/upstream/emscripten/cache/sysroot/lib/wasm32-emscripten]
    arg [CMakeFiles/cmTC_beabe.dir/CMakeCCompilerABI.c.o] ==> ignore
    arg [-lGL-getprocaddr] ==> lib [GL-getprocaddr]
    arg [-lal] ==> lib [al]
    arg [-lhtml5] ==> lib [html5]
    arg [-lstubs-debug] ==> lib [stubs-debug]
    arg [-lnoexit] ==> lib [noexit]
    arg [-lc-debug] ==> lib [c-debug]
    arg [-ldlmalloc] ==> lib [dlmalloc]
    arg [-lcompiler_rt] ==> lib [compiler_rt]
    arg [-lc++-noexcept] ==> lib [c++-noexcept]
    arg [-lc++abi-debug-noexcept] ==> lib [c++abi-debug-noexcept]
    arg [-lsockets] ==> lib [sockets]
    arg [-mllvm] ==> ignore
    arg [-combiner-global-alias-analysis=false] ==> ignore
    arg [-mllvm] ==> ignore
    arg [-enable-emscripten-sjlj] ==> ignore
    arg [-mllvm] ==> ignore
    arg [-disable-lsr] ==> ignore
    arg [/tmp/tmpr22l4m1xlibemscripten_js_symbols.so] ==> ignore
    arg [--strip-debug] ==> ignore
    arg [--export=emscripten_stack_get_end] ==> ignore
    arg [--export=emscripten_stack_get_free] ==> ignore
    arg [--export=emscripten_stack_get_base] ==> ignore
    arg [--export=emscripten_stack_get_current] ==> ignore
    arg [--export=emscripten_stack_init] ==> ignore
    arg [--export=_emscripten_stack_alloc] ==> ignore
    arg [--export=__get_temp_ret] ==> ignore
    arg [--export=__set_temp_ret] ==> ignore
    arg [--export=__wasm_call_ctors] ==> ignore
    arg [--export=_emscripten_stack_restore] ==> ignore
    arg [--export-if-defined=__start_em_asm] ==> ignore
    arg [--export-if-defined=__stop_em_asm] ==> ignore
    arg [--export-if-defined=__start_em_lib_deps] ==> ignore
    arg [--export-if-defined=__stop_em_lib_deps] ==> ignore
    arg [--export-if-defined=__start_em_js] ==> ignore
    arg [--export-if-defined=__stop_em_js] ==> ignore
    arg [--export-if-defined=main] ==> ignore
    arg [--export-if-defined=__main_argc_argv] ==> ignore
    arg [--export-if-defined=fflush] ==> ignore
    arg [--export-table] ==> ignore
    arg [-zstack-size=65536] ==> ignore
    arg [--no-growable-memory] ==> ignore
    arg [--initial-heap=16777216] ==> ignore
    arg [--no-entry] ==> ignore
    arg [--stack-first] ==> ignore
    arg [--table-base=1] ==> ignore
  collapse library dir [/home/teddycode/Desktop/tools/emsdk/upstream/emscripten/cache/sysroot/lib/wasm32-emscripten] ==> [/home/teddycode/Desktop/tools/emsdk/upstream/emscripten/cache/sysroot/lib/wasm32-emscripten]
  implicit libs: [GL-getprocaddr;al;html5;stubs-debug;noexit;c-debug;dlmalloc;compiler_rt;c++-noexcept;c++abi-debug-noexcept;sockets]
  implicit objs: []
  implicit dirs: [/home/teddycode/Desktop/tools/emsdk/upstream/emscripten/cache/sysroot/lib/wasm32-emscripten]
  implicit fwks: []


